TFile**		/data/t2k/xlu/software/GENIE_v3_00_06/flux/DUNE/histos_g4lbne_v3r5p4_QGSP_BERT_OptimizedEngineeredNov2017_antineutrino_LBNEND_fastmc.root	
 TFile*		/data/t2k/xlu/software/GENIE_v3_00_06/flux/DUNE/histos_g4lbne_v3r5p4_QGSP_BERT_OptimizedEngineeredNov2017_antineutrino_LBNEND_fastmc.root	
  KEY: TH1D	numu_flux;1	numu_flux
  KEY: TH1D	numubar_flux;1	numubar_flux
  KEY: TH1D	nue_flux;1	nue_flux
  KEY: TH1D	nuebar_flux;1	nuebar_flux
  KEY: TH1D	nutau_flux;1	nutau_flux
  KEY: TH1D	nutaubar_flux;1	nutaubar_flux
  KEY: TH1D	numu_cceventrate;1	numu_cceventrate
  KEY: TH1D	numubar_cceventrate;1	numubar_cceventrate
  KEY: TH1D	nue_cceventrate;1	nue_cceventrate
  KEY: TH1D	nuebar_cceventrate;1	nuebar_cceventrate
  KEY: TH1D	nutau_cceventrate;1	nutau_cceventrate
  KEY: TH1D	nutaubar_cceventrate;1	nutaubar_cceventrate
  KEY: TH1D	numu_nceventrate;1	numu_nceventrate
  KEY: TH1D	numubar_nceventrate;1	numubar_nceventrate
  KEY: TH1D	nue_nceventrate;1	nue_nceventrate
  KEY: TH1D	nuebar_nceventrate;1	nuebar_nceventrate
  KEY: TH1D	nutau_nceventrate;1	nutau_nceventrate
  KEY: TH1D	nutaubar_nceventrate;1	nutaubar_nceventrate
  KEY: TH1D	numu_fluxosc;1	numu_fluxosc
  KEY: TH1D	numubar_fluxosc;1	numubar_fluxosc
  KEY: TH1D	nue_fluxosc;1	nue_fluxosc
  KEY: TH1D	nuebar_fluxosc;1	nuebar_fluxosc
  KEY: TH1D	nutau_fluxosc;1	nutau_fluxosc
  KEY: TH1D	nutaubar_fluxosc;1	nutaubar_fluxosc
  KEY: TH1D	numu_cceventrateosc;1	numu_cceventrateosc
  KEY: TH1D	numubar_cceventrateosc;1	numubar_cceventrateosc
  KEY: TH1D	nue_cceventrateosc;1	nue_cceventrateosc
  KEY: TH1D	nuebar_cceventrateosc;1	nuebar_cceventrateosc
  KEY: TH1D	nutau_cceventrateosc;1	nutau_cceventrateosc
  KEY: TH1D	nutaubar_cceventrateosc;1	nutaubar_cceventrateosc
  KEY: TH1D	numu_nceventrateosc;1	numu_nceventrateosc
  KEY: TH1D	numubar_nceventrateosc;1	numubar_nceventrateosc
  KEY: TH1D	nue_nceventrateosc;1	nue_nceventrateosc
  KEY: TH1D	nuebar_nceventrateosc;1	nuebar_nceventrateosc
  KEY: TH1D	nutau_nceventrateosc;1	nutau_nceventrateosc
  KEY: TH1D	nutaubar_nceventrateosc;1	nutaubar_nceventrateosc
